Traceback (most recent call last):
  File "D:\conda\lib\runpy.py", line 194, in _run_module_as_main
    return _run_code(code, main_globals, None,
  File "D:\conda\lib\runpy.py", line 87, in _run_code
    exec(code, run_globals)
  File "D:\conda\lib\site-packages\uvicorn\__main__.py", line 4, in <module>
    uvicorn.main()
  File "D:\conda\lib\site-packages\click\core.py", line 1157, in __call__
    return self.main(*args, **kwargs)
  File "D:\conda\lib\site-packages\click\core.py", line 1078, in main
    rv = self.invoke(ctx)
  File "D:\conda\lib\site-packages\click\core.py", line 1434, in invoke
    return ctx.invoke(self.callback, **ctx.params)
  File "D:\conda\lib\site-packages\click\core.py", line 783, in invoke
    return __callback(*args, **kwargs)
  File "D:\conda\lib\site-packages\uvicorn\main.py", line 412, in main
    run(
  File "D:\conda\lib\site-packages\uvicorn\main.py", line 579, in run
    server.run()
  File "D:\conda\lib\site-packages\uvicorn\server.py", line 65, in run
    return asyncio.run(self.serve(sockets=sockets))
  File "D:\conda\lib\asyncio\runners.py", line 44, in run
    return loop.run_until_complete(main)
  File "D:\conda\lib\asyncio\base_events.py", line 616, in run_until_complete
    return future.result()
  File "D:\conda\lib\site-packages\uvicorn\server.py", line 69, in serve
    await self._serve(sockets)
  File "D:\conda\lib\site-packages\uvicorn\server.py", line 76, in _serve
    config.load()
  File "D:\conda\lib\site-packages\uvicorn\config.py", line 434, in load
    self.loaded_app = import_from_string(self.app)
  File "D:\conda\lib\site-packages\uvicorn\importer.py", line 22, in import_from_string
    raise exc from None
  File "D:\conda\lib\site-packages\uvicorn\importer.py", line 19, in import_from_string
    module = importlib.import_module(module_str)
  File "D:\conda\lib\importlib\__init__.py", line 127, in import_module
    return _bootstrap._gcd_import(name[level:], package, level)
  File "<frozen importlib._bootstrap>", line 1014, in _gcd_import
  File "<frozen importlib._bootstrap>", line 991, in _find_and_load
  File "<frozen importlib._bootstrap>", line 975, in _find_and_load_unlocked
  File "<frozen importlib._bootstrap>", line 671, in _load_unlocked
  File "<frozen importlib._bootstrap_external>", line 843, in exec_module
  File "<frozen importlib._bootstrap>", line 219, in _call_with_frames_removed
  File "D:\羲楷\jizhang\backend\main.py", line 6, in <module>
    from api.auth import router as auth_router
  File "D:\羲楷\jizhang\backend\api\auth.py", line 4, in <module>
    from passlib.context import CryptContext
ModuleNotFoundError: No module named 'passlib'
